[debug] [2023-03-14T11:46:44.068Z] ----------------------------------------------------------------------
[debug] [2023-03-14T11:46:44.070Z] Command:       C:\Program Files\nodejs\node.exe C:\Users\JA\AppData\Roaming\npm\node_modules\firebase-tools\lib\bin\firebase.js emulators:start
[debug] [2023-03-14T11:46:44.070Z] CLI Version:   11.0.1
[debug] [2023-03-14T11:46:44.070Z] Platform:      win32
[debug] [2023-03-14T11:46:44.070Z] Node Version:  v18.13.0
[debug] [2023-03-14T11:46:44.072Z] Time:          Tue Mar 14 2023 12:46:44 GMT+0100 (czas środkowoeuropejski standardowy)
[debug] [2023-03-14T11:46:44.072Z] ----------------------------------------------------------------------
[debug] 
[debug] [2023-03-14T11:46:44.077Z] >>> [apiv2][query] GET https://firebase-public.firebaseio.com/cli.json [none]
[debug] [2023-03-14T11:46:44.209Z] > command requires scopes: ["email","openid","https://www.googleapis.com/auth/cloudplatformprojects.readonly","https://www.googleapis.com/auth/firebase","https://www.googleapis.com/auth/cloud-platform"]
[debug] [2023-03-14T11:46:44.209Z] > authorizing via signed-in user (frontendagnes@gmail.com)
[info] i  emulators: Starting emulators: hosting {"metadata":{"emulator":{"name":"hub"},"message":"Starting emulators: hosting"}}
[debug] [2023-03-14T11:46:44.252Z] [hub] writing locator at C:\Users\JA\AppData\Local\Temp\hub-frontend-agnes.json
[debug] [2023-03-14T11:46:44.267Z] > refreshing access token with scopes: []
[debug] [2023-03-14T11:46:44.268Z] >>> HTTP REQUEST POST https://www.googleapis.com/oauth2/v3/token  
 <request body omitted>
[debug] [2023-03-14T11:46:45.081Z] <<< HTTP RESPONSE 400 {"date":"Tue, 14 Mar 2023 11:46:45 GMT","expires":"Mon, 01 Jan 1990 00:00:00 GMT","pragma":"no-cache","cache-control":"no-cache, no-store, max-age=0, must-revalidate","content-type":"application/json; charset=utf-8","vary":"X-Origin, Referer, Origin,Accept-Encoding","server":"scaffolding on HTTPServer2","x-xss-protection":"0","x-frame-options":"SAMEORIGIN","x-content-type-options":"nosniff","alt-svc":"h3=\":443\"; ma=2592000,h3-29=\":443\"; ma=2592000","accept-ranges":"none","transfer-encoding":"chunked"}
[debug] [2023-03-14T11:46:45.083Z] >>> [apiv2][query] GET https://firebasehosting.googleapis.com/v1beta1/projects/frontend-agnes/sites 
[debug] [2023-03-14T11:46:45.172Z] <<< [apiv2][status] GET https://firebase-public.firebaseio.com/cli.json 200
[debug] [2023-03-14T11:46:45.173Z] <<< [apiv2][body] GET https://firebase-public.firebaseio.com/cli.json {"cloudBuildErrorAfter":1594252800000,"cloudBuildWarnAfter":1590019200000,"defaultNode10After":1594252800000,"minVersion":"3.0.5","node8DeploysDisabledAfter":1613390400000,"node8RuntimeDisabledAfter":1615809600000,"node8WarnAfter":1600128000000}
[debug] [2023-03-14T11:46:46.638Z] <<< [apiv2][status] GET https://firebasehosting.googleapis.com/v1beta1/projects/frontend-agnes/sites 401
[debug] [2023-03-14T11:46:46.638Z] <<< [apiv2][body] GET https://firebasehosting.googleapis.com/v1beta1/projects/frontend-agnes/sites {"error":{"code":401,"message":"Request had invalid authentication credentials. Expected OAuth 2 access token, login cookie or other valid authentication credential. See https://developers.google.com/identity/sign-in/web/devconsole-project.","status":"UNAUTHENTICATED"}}
[debug] [2023-03-14T11:46:46.639Z] Failed to list hosting sites
[debug] HTTP Error: 401, Request had invalid authentication credentials. Expected OAuth 2 access token, login cookie or other valid authentication credential. See https://developers.google.com/identity/sign-in/web/devconsole-project.
[debug] [2023-03-14T11:46:46.639Z] > refreshing access token with scopes: []
[debug] [2023-03-14T11:46:46.639Z] >>> HTTP REQUEST POST https://www.googleapis.com/oauth2/v3/token  
 <request body omitted>
[debug] [2023-03-14T11:46:46.909Z] <<< HTTP RESPONSE 400 {"date":"Tue, 14 Mar 2023 11:46:47 GMT","pragma":"no-cache","expires":"Mon, 01 Jan 1990 00:00:00 GMT","cache-control":"no-cache, no-store, max-age=0, must-revalidate","content-type":"application/json; charset=utf-8","vary":"X-Origin, Referer, Origin,Accept-Encoding","server":"scaffolding on HTTPServer2","x-xss-protection":"0","x-frame-options":"SAMEORIGIN","x-content-type-options":"nosniff","alt-svc":"h3=\":443\"; ma=2592000,h3-29=\":443\"; ma=2592000","accept-ranges":"none","transfer-encoding":"chunked"}
[debug] [2023-03-14T11:46:46.910Z] >>> [apiv2][query] GET https://firebase.googleapis.com/v1beta1/projects/frontend-agnes/webApps/-/config [none]
[debug] [2023-03-14T11:46:47.238Z] <<< [apiv2][status] GET https://firebase.googleapis.com/v1beta1/projects/frontend-agnes/webApps/-/config 401
[debug] [2023-03-14T11:46:47.238Z] <<< [apiv2][body] GET https://firebase.googleapis.com/v1beta1/projects/frontend-agnes/webApps/-/config {"error":{"code":401,"message":"Request had invalid authentication credentials. Expected OAuth 2 access token, login cookie or other valid authentication credential. See https://developers.google.com/identity/sign-in/web/devconsole-project.","status":"UNAUTHENTICATED"}}
[debug] [2023-03-14T11:46:47.238Z] fetchWebSetup error: FirebaseError: HTTP Error: 401, Request had invalid authentication credentials. Expected OAuth 2 access token, login cookie or other valid authentication credential. See https://developers.google.com/identity/sign-in/web/devconsole-project.
[warn] !  hosting: Using web app configuration from cache. 
[info] i  hosting: Serving hosting files from: build {"metadata":{"emulator":{"name":"hosting"},"message":"Serving hosting files from: \u001b[1mbuild\u001b[22m"}}
[info] +  hosting: Local server: http://localhost:5000 {"metadata":{"emulator":{"name":"hosting"},"message":"Local server: \u001b[4m\u001b[1mhttp://localhost:5000\u001b[22m\u001b[24m"}}
[warn] !  emulators: The Emulator UI requires a project ID to start. Configure your default project with 'firebase use' or pass the --project flag. {"metadata":{"emulator":{"name":"hub"},"message":"The Emulator UI requires a project ID to start. Configure your default project with 'firebase use' or pass the --project flag."}}
[info] 
┌─────────────────────────────────────────────────────────────┐
│ ✔  All emulators ready! It is now safe to connect your app. │
└─────────────────────────────────────────────────────────────┘

┌──────────┬────────────────┐
│ Emulator │ Host:Port      │
├──────────┼────────────────┤
│ Hosting  │ localhost:5000 │
└──────────┴────────────────┘
  Emulator Hub running at localhost:4400
  Other reserved ports: 4500

Issues? Report them at https://github.com/firebase/firebase-tools/issues and attach the *-debug.log files.
 
[info] i  hosting: 127.0.0.1 - - [14/Mar/2023:11:47:01 +0000] "GET / HTTP/1.1" 404 139 "-" "Mozilla/5.0 (Windows NT 10.0; Win64; x64; rv:109.0) Gecko/20100101 Firefox/111.0" {"metadata":{"emulator":{"name":"hosting"},"message":"127.0.0.1 - - [14/Mar/2023:11:47:01 +0000] \"GET / HTTP/1.1\" 404 139 \"-\" \"Mozilla/5.0 (Windows NT 10.0; Win64; x64; rv:109.0) Gecko/20100101 Firefox/111.0\""}}
[info] i  hosting: 127.0.0.1 - - [14/Mar/2023:11:47:06 +0000] "GET / HTTP/1.1" 404 139 "-" "Mozilla/5.0 (Windows NT 10.0; Win64; x64; rv:109.0) Gecko/20100101 Firefox/111.0" {"metadata":{"emulator":{"name":"hosting"},"message":"127.0.0.1 - - [14/Mar/2023:11:47:06 +0000] \"GET / HTTP/1.1\" 404 139 \"-\" \"Mozilla/5.0 (Windows NT 10.0; Win64; x64; rv:109.0) Gecko/20100101 Firefox/111.0\""}}
